[debug] [2023-01-27T04:17:54.660Z] ----------------------------------------------------------------------
[debug] [2023-01-27T04:17:54.669Z] Command:       C:\Program Files\nodejs\node.exe C:\Users\wille\AppData\Roaming\npm\node_modules\firebase-tools\lib\bin\firebase.js init
[debug] [2023-01-27T04:17:54.671Z] CLI Version:   11.20.0
[debug] [2023-01-27T04:17:54.672Z] Platform:      win32
[debug] [2023-01-27T04:17:54.672Z] Node Version:  v18.7.0
[debug] [2023-01-27T04:17:54.683Z] Time:          Fri Jan 27 2023 00:17:54 GMT-0400 (hora de Bolivia)
[debug] [2023-01-27T04:17:54.684Z] ----------------------------------------------------------------------
[debug] 
[debug] [2023-01-27T04:17:54.698Z] >>> [apiv2][query] GET https://firebase-public.firebaseio.com/cli.json [none]
[debug] [2023-01-27T04:17:55.068Z] > command requires scopes: ["email","openid","https://www.googleapis.com/auth/cloudplatformprojects.readonly","https://www.googleapis.com/auth/firebase","https://www.googleapis.com/auth/cloud-platform"]
[debug] [2023-01-27T04:17:55.070Z] > authorizing via signed-in user (wtorrico@gmail.com)
[info] 
     ######## #### ########  ######## ########     ###     ######  ########
     ##        ##  ##     ## ##       ##     ##  ##   ##  ##       ##
     ######    ##  ########  ######   ########  #########  ######  ######
     ##        ##  ##    ##  ##       ##     ## ##     ##       ## ##
     ##       #### ##     ## ######## ########  ##     ##  ######  ########

You're about to initialize a Firebase project in this directory:

  C:\Willer\Yo Programo\WillerPorfolio\FRONTEND

Before we get started, keep in mind:

  * You are currently outside your home directory
  * You are initializing within an existing Firebase project directory

[debug] [2023-01-27T04:17:56.965Z] <<< [apiv2][status] GET https://firebase-public.firebaseio.com/cli.json 200
[debug] [2023-01-27T04:17:56.966Z] <<< [apiv2][body] GET https://firebase-public.firebaseio.com/cli.json {"cloudBuildErrorAfter":1594252800000,"cloudBuildWarnAfter":1590019200000,"defaultNode10After":1594252800000,"minVersion":"3.0.5","node8DeploysDisabledAfter":1613390400000,"node8RuntimeDisabledAfter":1615809600000,"node8WarnAfter":1600128000000}
[debug] [2023-01-27T04:22:48.537Z] ----------------------------------------------------------------------
[debug] [2023-01-27T04:22:48.542Z] Command:       C:\Program Files\nodejs\node.exe C:\Users\wille\AppData\Roaming\npm\node_modules\firebase-tools\lib\bin\firebase.js login
[debug] [2023-01-27T04:22:48.544Z] CLI Version:   11.20.0
[debug] [2023-01-27T04:22:48.544Z] Platform:      win32
[debug] [2023-01-27T04:22:48.545Z] Node Version:  v18.7.0
[debug] [2023-01-27T04:22:48.547Z] Time:          Fri Jan 27 2023 00:22:48 GMT-0400 (hora de Bolivia)
[debug] [2023-01-27T04:22:48.548Z] ----------------------------------------------------------------------
[debug] 
[info] Already logged in as wtorrico@gmail.com
[debug] [2023-01-27T04:22:58.931Z] Error: Timed out.
    at Timeout._onTimeout (C:\Users\wille\AppData\Roaming\npm\node_modules\firebase-tools\lib\utils.js:253:49)
    at listOnTimeout (node:internal/timers:564:17)
    at process.processTimers (node:internal/timers:507:7)
[error] 
[error] Error: An unexpected error has occurred.
